<?xml version="1.0" encoding="UTF-8"?>
<testsuite xmlns:xsi="http://www.w3.org/2001/XMLSchema-instance" xsi:noNamespaceSchemaLocation="https://maven.apache.org/surefire/maven-surefire-plugin/xsd/surefire-test-report.xsd" name="com.jx.helloworld.AppTest" time="0.025" tests="1" errors="0" skipped="0" failures="0">
  <properties>
    <property name="sun.desktop" value="windows"/>
    <property name="awt.toolkit" value="sun.awt.windows.WToolkit"/>
    <property name="file.encoding.pkg" value="sun.io"/>
    <property name="java.specification.version" value="1.8"/>
    <property name="sun.cpu.isalist" value="amd64"/>
    <property name="sun.jnu.encoding" value="GBK"/>
    <property name="java.class.path" value="E:\study\project\learnspace\maven-idea\maven-web\helloworld-service\target\test-classes;E:\study\project\learnspace\maven-idea\maven-web\helloworld-service\target\classes;D:\maven\repo\junit\junit\4.11\junit-4.11.jar;D:\maven\repo\org\hamcrest\hamcrest-core\1.3\hamcrest-core-1.3.jar;"/>
    <property name="java.vm.vendor" value="Oracle Corporation"/>
    <property name="sun.arch.data.model" value="64"/>
    <property name="user.variant" value=""/>
    <property name="java.vendor.url" value="http://java.oracle.com/"/>
    <property name="user.timezone" value="Asia/Shanghai"/>
    <property name="java.vm.specification.version" value="1.8"/>
    <property name="os.name" value="Windows 7"/>
    <property name="user.country" value="CN"/>
    <property name="sun.java.launcher" value="SUN_STANDARD"/>
    <property name="sun.boot.library.path" value="D:\application\jdk\jdk8\bin\jre\bin"/>
    <property name="sun.java.command" value="C:\Users\liaowb\AppData\Local\Temp\surefire6859300616862318581\surefirebooter518487555706131458.jar C:\Users\liaowb\AppData\Local\Temp\surefire6859300616862318581 2019-07-08T16-21-14_908-jvmRun1 surefire977122917091422021tmp surefire_02297711451705241983tmp"/>
    <property name="surefire.test.class.path" value="E:\study\project\learnspace\maven-idea\maven-web\helloworld-service\target\test-classes;E:\study\project\learnspace\maven-idea\maven-web\helloworld-service\target\classes;D:\maven\repo\junit\junit\4.11\junit-4.11.jar;D:\maven\repo\org\hamcrest\hamcrest-core\1.3\hamcrest-core-1.3.jar;"/>
    <property name="sun.cpu.endian" value="little"/>
    <property name="user.home" value="C:\Users\liaowb"/>
    <property name="user.language" value="zh"/>
    <property name="java.specification.vendor" value="Oracle Corporation"/>
    <property name="java.home" value="D:\application\jdk\jdk8\bin\jre"/>
    <property name="basedir" value="E:\study\project\learnspace\maven-idea\maven-web\helloworld-service"/>
    <property name="file.separator" value="\"/>
    <property name="line.separator" value="&#10;"/>
    <property name="java.vm.specification.vendor" value="Oracle Corporation"/>
    <property name="java.specification.name" value="Java Platform API Specification"/>
    <property name="java.awt.graphicsenv" value="sun.awt.Win32GraphicsEnvironment"/>
    <property name="surefire.real.class.path" value="C:\Users\liaowb\AppData\Local\Temp\surefire6859300616862318581\surefirebooter518487555706131458.jar"/>
    <property name="sun.boot.class.path" value="D:\application\jdk\jdk8\bin\jre\lib\resources.jar;D:\application\jdk\jdk8\bin\jre\lib\rt.jar;D:\application\jdk\jdk8\bin\jre\lib\sunrsasign.jar;D:\application\jdk\jdk8\bin\jre\lib\jsse.jar;D:\application\jdk\jdk8\bin\jre\lib\jce.jar;D:\application\jdk\jdk8\bin\jre\lib\charsets.jar;D:\application\jdk\jdk8\bin\jre\lib\jfr.jar;D:\application\jdk\jdk8\bin\jre\classes"/>
    <property name="user.script" value=""/>
    <property name="sun.management.compiler" value="HotSpot 64-Bit Tiered Compilers"/>
    <property name="java.runtime.version" value="1.8.0_45-b15"/>
    <property name="user.name" value="liaowb"/>
    <property name="path.separator" value=";"/>
    <property name="os.version" value="6.1"/>
    <property name="java.endorsed.dirs" value="D:\application\jdk\jdk8\bin\jre\lib\endorsed"/>
    <property name="java.runtime.name" value="Java(TM) SE Runtime Environment"/>
    <property name="file.encoding" value="GBK"/>
    <property name="java.vm.name" value="Java HotSpot(TM) 64-Bit Server VM"/>
    <property name="localRepository" value="D:\maven\repo"/>
    <property name="java.vendor.url.bug" value="http://bugreport.sun.com/bugreport/"/>
    <property name="java.io.tmpdir" value="C:\Users\liaowb\AppData\Local\Temp\"/>
    <property name="java.version" value="1.8.0_45"/>
    <property name="user.dir" value="E:\study\project\learnspace\maven-idea\maven-web\helloworld-service"/>
    <property name="os.arch" value="amd64"/>
    <property name="java.vm.specification.name" value="Java Virtual Machine Specification"/>
    <property name="java.awt.printerjob" value="sun.awt.windows.WPrinterJob"/>
    <property name="sun.os.patch.level" value="Service Pack 1"/>
    <property name="java.library.path" value="D:\application\jdk\jdk8\bin\jre\bin;C:\Windows\Sun\Java\bin;C:\Windows\system32;C:\Windows;E:\apache-maven-3.6.1\bin;C:\ProgramData\Oracle\Java\javapath;C:\Program Files (x86)\Common Files\NetSarang;C:\Program Files (x86)\Intel\iCLS Client\;C:\Program Files\Intel\iCLS Client\;C:\Windows\system32;C:\Windows;C:\Windows\System32\Wbem;C:\Windows\System32\WindowsPowerShell\v1.0\;C:\Program Files (x86)\Intel\Intel(R) Management Engine Components\DAL;C:\Program Files\Intel\Intel(R) Management Engine Components\DAL;C:\Program Files (x86)\Intel\Intel(R) Management Engine Components\IPT;C:\Program Files\Intel\Intel(R) Management Engine Components\IPT;C:\Git\bin;%JAVA_HOME%\lib;%JAVA_HOME%\lib\tool.jar;D:\Program Files\node\;D:\soft\tortoiseSVN\bin;D:\soft\git\bin;D:\application\git\cmd;%JRE_HOME%\lib;%JRE_HOME%\lib\tool.jar;;D:\Program Files\node\node_global;."/>
    <property name="java.vm.info" value="mixed mode"/>
    <property name="java.vendor" value="Oracle Corporation"/>
    <property name="java.vm.version" value="25.45-b02"/>
    <property name="java.ext.dirs" value="D:\application\jdk\jdk8\bin\jre\lib\ext;C:\Windows\Sun\Java\lib\ext"/>
    <property name="sun.io.unicode.encoding" value="UnicodeLittle"/>
    <property name="java.class.version" value="52.0"/>
  </properties>
  <testcase name="shouldAnswerWithTrue" classname="com.jx.helloworld.AppTest" time="0.002"/>
</testsuite>